{"/Users/michele.giardi/Desktop/personal/serverless-poc/poc-sls-typescript/src/handler.ts": {"path":"/Users/michele.giardi/Desktop/personal/serverless-poc/poc-sls-typescript/src/handler.ts","statementMap":{"0":{"start":{"line":2,"column":0},"end":{"line":2,"column":37}},"1":{"start":{"line":9,"column":13},"end":{"line":18,"column":2}},"2":{"start":{"line":10,"column":36},"end":{"line":13,"column":4}},"3":{"start":{"line":14,"column":2},"end":{"line":17,"column":4}}},"fnMap":{"0":{"name":"(anonymous_0)","decl":{"start":{"line":9,"column":26},"end":{"line":9,"column":31}},"loc":{"start":{"line":9,"column":96},"end":{"line":18,"column":1}}}},"branchMap":{},"s":{"0":1,"1":1,"2":1,"3":1},"f":{"0":1},"b":{}}
}
